# JRE version: Java(TM) SE Runtime Environment (8.0_181-b13) (build 1.8.0_181-b13)
# Java VM: Java HotSpot(TM) 64-Bit Server VM (25.181-b13 mixed mode windows-amd64 compressed oops)
Heap:
 PSYoungGen      total 350720K, used 14144K [0x00000000db300000, 0x00000000f1900000, 0x0000000100000000)
  eden space 334848K, 4% used [0x00000000db300000,0x00000000dc0d0220,0x00000000efa00000)
  from space 15872K, 0% used [0x00000000f0900000,0x00000000f0900000,0x00000000f1880000)
  to   space 15360K, 0% used [0x00000000efa00000,0x00000000efa00000,0x00000000f0900000)
 ParOldGen       total 96768K, used 20143K [0x0000000091800000, 0x0000000097680000, 0x00000000db300000)
  object space 96768K, 20% used [0x0000000091800000,0x0000000092babf78,0x0000000097680000)
 Metaspace       used 56421K, capacity 59040K, committed 59156K, reserved 1099776K
  class space    used 7783K, capacity 8248K, committed 8320K, reserved 1048576K
GC Heap History (10 events):
Event: 7.613 GC heap before
{Heap before GC invocations=11 (full 2):
 PSYoungGen      total 233472K, used 9192K [0x00000000db300000, 0x00000000ecd00000, 0x0000000100000000)
  eden space 224256K, 0% used [0x00000000db300000,0x00000000db300000,0x00000000e8e00000)
  from space 9216K, 99% used [0x00000000e8e00000,0x00000000e96fa190,0x00000000e9700000)
  to   space 11264K, 0% used [0x00000000ec200000,0x00000000ec200000,0x00000000ecd00000)
 ParOldGen       total 46592K, used 9584K [0x0000000091800000, 0x0000000094580000, 0x00000000db300000)
  object space 46592K, 20% used [0x0000000091800000,0x000000009215c0b0,0x0000000094580000)
 Metaspace       used 34083K, capacity 35330K, committed 35416K, reserved 1081344K
  class space    used 4338K, capacity 4585K, committed 4608K, reserved 1048576K
Event: 7.733 GC heap after
Heap after GC invocations=11 (full 2):
 PSYoungGen      total 233472K, used 0K [0x00000000db300000, 0x00000000ecd00000, 0x0000000100000000)
  eden space 224256K, 0% used [0x00000000db300000,0x00000000db300000,0x00000000e8e00000)
  from space 9216K, 0% used [0x00000000e8e00000,0x00000000e8e00000,0x00000000e9700000)
  to   space 11264K, 0% used [0x00000000ec200000,0x00000000ec200000,0x00000000ecd00000)
 ParOldGen       total 74240K, used 16407K [0x0000000091800000, 0x0000000096080000, 0x00000000db300000)
  object space 74240K, 22% used [0x0000000091800000,0x0000000092805e10,0x0000000096080000)
 Metaspace       used 34083K, capacity 35330K, committed 35416K, reserved 1081344K
  class space    used 4338K, capacity 4585K, committed 4608K, reserved 1048576K
}
Event: 11.081 GC heap before
{Heap before GC invocations=12 (full 2):
 PSYoungGen      total 233472K, used 224256K [0x00000000db300000, 0x00000000ecd00000, 0x0000000100000000)
  eden space 224256K, 100% used [0x00000000db300000,0x00000000e8e00000,0x00000000e8e00000)
  from space 9216K, 0% used [0x00000000e8e00000,0x00000000e8e00000,0x00000000e9700000)
  to   space 11264K, 0% used [0x00000000ec200000,0x00000000ec200000,0x00000000ecd00000)
 ParOldGen       total 74240K, used 16407K [0x0000000091800000, 0x0000000096080000, 0x00000000db300000)
  object space 74240K, 22% used [0x0000000091800000,0x0000000092805e10,0x0000000096080000)
 Metaspace       used 47353K, capacity 48866K, committed 49280K, reserved 1091584K
  class space    used 6459K, capacity 6761K, committed 6784K, reserved 1048576K
Event: 11.105 GC heap after
Heap after GC invocations=12 (full 2):
 PSYoungGen      total 274432K, used 11245K [0x00000000db300000, 0x00000000eea80000, 0x0000000100000000)
  eden space 263168K, 0% used [0x00000000db300000,0x00000000db300000,0x00000000eb400000)
  from space 11264K, 99% used [0x00000000ec200000,0x00000000eccfb508,0x00000000ecd00000)
  to   space 14336K, 0% used [0x00000000eb400000,0x00000000eb400000,0x00000000ec200000)
 ParOldGen       total 74240K, used 20337K [0x0000000091800000, 0x0000000096080000, 0x00000000db300000)
  object space 74240K, 27% used [0x0000000091800000,0x0000000092bdc580,0x0000000096080000)
 Metaspace       used 47353K, capacity 48866K, committed 49280K, reserved 1091584K
  class space    used 6459K, capacity 6761K, committed 6784K, reserved 1048576K
}
Event: 14.757 GC heap before
{Heap before GC invocations=13 (full 2):
 PSYoungGen      total 274432K, used 274413K [0x00000000db300000, 0x00000000eea80000, 0x0000000100000000)
  eden space 263168K, 100% used [0x00000000db300000,0x00000000eb400000,0x00000000eb400000)
  from space 11264K, 99% used [0x00000000ec200000,0x00000000eccfb508,0x00000000ecd00000)
  to   space 14336K, 0% used [0x00000000eb400000,0x00000000eb400000,0x00000000ec200000)
 ParOldGen       total 74240K, used 20337K [0x0000000091800000, 0x0000000096080000, 0x00000000db300000)
  object space 74240K, 27% used [0x0000000091800000,0x0000000092bdc580,0x0000000096080000)
 Metaspace       used 55671K, capacity 58226K, committed 58368K, reserved 1099776K
  class space    used 7637K, capacity 8099K, committed 8192K, reserved 1048576K
Event: 14.792 GC heap after
Heap after GC invocations=13 (full 2):
 PSYoungGen      total 277504K, used 13356K [0x00000000db300000, 0x00000000f1880000, 0x0000000100000000)
  eden space 263168K, 0% used [0x00000000db300000,0x00000000db300000,0x00000000eb400000)
  from space 14336K, 93% used [0x00000000eb400000,0x00000000ec10b140,0x00000000ec200000)
  to   space 15872K, 0% used [0x00000000f0900000,0x00000000f0900000,0x00000000f1880000)
 ParOldGen       total 74240K, used 24449K [0x0000000091800000, 0x0000000096080000, 0x00000000db300000)
  object space 74240K, 32% used [0x0000000091800000,0x0000000092fe0698,0x0000000096080000)
 Metaspace       used 55671K, capacity 58226K, committed 58368K, reserved 1099776K
  class space    used 7637K, capacity 8099K, committed 8192K, reserved 1048576K
}
Event: 15.595 GC heap before
{Heap before GC invocations=14 (full 2):
 PSYoungGen      total 277504K, used 76936K [0x00000000db300000, 0x00000000f1880000, 0x0000000100000000)
  eden space 263168K, 24% used [0x00000000db300000,0x00000000df117148,0x00000000eb400000)
  from space 14336K, 93% used [0x00000000eb400000,0x00000000ec10b140,0x00000000ec200000)
  to   space 15872K, 0% used [0x00000000f0900000,0x00000000f0900000,0x00000000f1880000)
 ParOldGen       total 74240K, used 24449K [0x0000000091800000, 0x0000000096080000, 0x00000000db300000)
  object space 74240K, 32% used [0x0000000091800000,0x0000000092fe0698,0x0000000096080000)
 Metaspace       used 56330K, capacity 58912K, committed 59028K, reserved 1099776K
  class space    used 7743K, capacity 8184K, committed 8192K, reserved 1048576K
Event: 15.615 GC heap after
Heap after GC invocations=14 (full 2):
 PSYoungGen      total 350720K, used 6800K [0x00000000db300000, 0x00000000f1900000, 0x0000000100000000)
  eden space 334848K, 0% used [0x00000000db300000,0x00000000db300000,0x00000000efa00000)
  from space 15872K, 42% used [0x00000000f0900000,0x00000000f0fa4378,0x00000000f1880000)
  to   space 15360K, 0% used [0x00000000efa00000,0x00000000efa00000,0x00000000f0900000)
 ParOldGen       total 74240K, used 24449K [0x0000000091800000, 0x0000000096080000, 0x00000000db300000)
  object space 74240K, 32% used [0x0000000091800000,0x0000000092fe0698,0x0000000096080000)
 Metaspace       used 56330K, capacity 58912K, committed 59028K, reserved 1099776K
  class space    used 7743K, capacity 8184K, committed 8192K, reserved 1048576K
}
Event: 15.615 GC heap before
{Heap before GC invocations=15 (full 3):
 PSYoungGen      total 350720K, used 6800K [0x00000000db300000, 0x00000000f1900000, 0x0000000100000000)
  eden space 334848K, 0% used [0x00000000db300000,0x00000000db300000,0x00000000efa00000)
  from space 15872K, 42% used [0x00000000f0900000,0x00000000f0fa4378,0x00000000f1880000)
  to   space 15360K, 0% used [0x00000000efa00000,0x00000000efa00000,0x00000000f0900000)
 ParOldGen       total 74240K, used 24449K [0x0000000091800000, 0x0000000096080000, 0x00000000db300000)
  object space 74240K, 32% used [0x0000000091800000,0x0000000092fe0698,0x0000000096080000)
 Metaspace       used 56330K, capacity 58912K, committed 59028K, reserved 1099776K
  class space    used 7743K, capacity 8184K, committed 8192K, reserved 1048576K
Event: 15.758 GC heap after
Heap after GC invocations=15 (full 3):
 PSYoungGen      total 350720K, used 0K [0x00000000db300000, 0x00000000f1900000, 0x0000000100000000)
  eden space 334848K, 0% used [0x00000000db300000,0x00000000db300000,0x00000000efa00000)
  from space 15872K, 0% used [0x00000000f0900000,0x00000000f0900000,0x00000000f1880000)
  to   space 15360K, 0% used [0x00000000efa00000,0x00000000efa00000,0x00000000f0900000)
 ParOldGen       total 96768K, used 20143K [0x0000000091800000, 0x0000000097680000, 0x00000000db300000)
  object space 96768K, 20% used [0x0000000091800000,0x0000000092babf78,0x0000000097680000)
 Metaspace       used 56330K, capacity 58912K, committed 59028K, reserved 1099776K
  class space    used 7743K, capacity 8184K, committed 8192K, reserved 1048576K
}

